<?xml version="1.0" encoding="UTF-8"?>
<coverage generated="1644263889654" clover="3.2.0">
  <project timestamp="1644263889654" name="All files">
    <metrics statements="15" coveredstatements="15" conditionals="6" coveredconditionals="4" methods="12" coveredmethods="12" elements="33" coveredelements="31" complexity="0" loc="15" ncloc="15" packages="1" files="3" classes="3"/>
    <file name="fetchData.js" path="C:\Users\ZOE\Desktop\REACT_PROJECT\Jest(TEST)\fetchData.js">
      <metrics statements="8" coveredstatements="8" conditionals="0" coveredconditionals="0" methods="5" coveredmethods="5"/>
      <line num="4" count="1" type="stmt"/>
      <line num="5" count="1" type="stmt"/>
      <line num="8" count="1" type="stmt"/>
      <line num="9" count="1" type="stmt"/>
      <line num="13" count="1" type="stmt"/>
      <line num="14" count="1" type="stmt"/>
      <line num="16" count="1" type="stmt"/>
      <line num="17" count="1" type="stmt"/>
    </file>
    <file name="index.js" path="C:\Users\ZOE\Desktop\REACT_PROJECT\Jest(TEST)\index.js">
      <metrics statements="2" coveredstatements="2" conditionals="4" coveredconditionals="2" methods="2" coveredmethods="2"/>
      <line num="2" count="1" type="cond" truecount="1" falsecount="1"/>
      <line num="6" count="1" type="cond" truecount="1" falsecount="1"/>
    </file>
    <file name="person.js" path="C:\Users\ZOE\Desktop\REACT_PROJECT\Jest(TEST)\person.js">
      <metrics statements="5" coveredstatements="5" conditionals="2" coveredconditionals="2" methods="5" coveredmethods="5"/>
      <line num="3" count="3" type="cond" truecount="2" falsecount="0"/>
      <line num="6" count="3" type="stmt"/>
      <line num="9" count="2" type="stmt"/>
      <line num="12" count="2" type="stmt"/>
      <line num="15" count="1" type="stmt"/>
    </file>
  </project>
</coverage>
