<?xml version="1.0" encoding="UTF-8"?>
<coverage generated="1644416177299" clover="3.2.0">
  <project timestamp="1644416177299" name="All files">
    <metrics statements="26" coveredstatements="21" conditionals="6" coveredconditionals="4" methods="21" coveredmethods="16" elements="53" coveredelements="41" complexity="0" loc="26" ncloc="26" packages="1" files="5" classes="5"/>
    <file name="counter.js" path="C:\Users\ZOE\Desktop\REACT_PROJECT\Jest(TEST)\counter.js">
      <metrics statements="5" coveredstatements="2" conditionals="0" coveredconditionals="0" methods="5" coveredmethods="2"/>
      <line num="3" count="1" type="stmt"/>
      <line num="7" count="0" type="stmt"/>
      <line num="10" count="0" type="stmt"/>
      <line num="13" count="1" type="stmt"/>
      <line num="16" count="0" type="stmt"/>
    </file>
    <file name="demoMock.js" path="C:\Users\ZOE\Desktop\REACT_PROJECT\Jest(TEST)\demoMock.js">
      <metrics statements="6" coveredstatements="4" conditionals="0" coveredconditionals="0" methods="4" coveredmethods="2"/>
      <line num="3" count="1" type="stmt"/>
      <line num="4" count="0" type="stmt"/>
      <line num="6" count="1" type="stmt"/>
      <line num="7" count="0" type="stmt"/>
      <line num="10" count="1" type="stmt"/>
      <line num="11" count="2" type="stmt"/>
    </file>
    <file name="fetchData.js" path="C:\Users\ZOE\Desktop\REACT_PROJECT\Jest(TEST)\fetchData.js">
      <metrics statements="8" coveredstatements="8" conditionals="0" coveredconditionals="0" methods="5" coveredmethods="5"/>
      <line num="4" count="1" type="stmt"/>
      <line num="5" count="1" type="stmt"/>
      <line num="8" count="1" type="stmt"/>
      <line num="9" count="1" type="stmt"/>
      <line num="13" count="1" type="stmt"/>
      <line num="14" count="1" type="stmt"/>
      <line num="16" count="1" type="stmt"/>
      <line num="17" count="1" type="stmt"/>
    </file>
    <file name="index.js" path="C:\Users\ZOE\Desktop\REACT_PROJECT\Jest(TEST)\index.js">
      <metrics statements="2" coveredstatements="2" conditionals="4" coveredconditionals="2" methods="2" coveredmethods="2"/>
      <line num="2" count="1" type="cond" truecount="1" falsecount="1"/>
      <line num="6" count="1" type="cond" truecount="1" falsecount="1"/>
    </file>
    <file name="person.js" path="C:\Users\ZOE\Desktop\REACT_PROJECT\Jest(TEST)\person.js">
      <metrics statements="5" coveredstatements="5" conditionals="2" coveredconditionals="2" methods="5" coveredmethods="5"/>
      <line num="3" count="3" type="cond" truecount="2" falsecount="0"/>
      <line num="6" count="3" type="stmt"/>
      <line num="9" count="2" type="stmt"/>
      <line num="12" count="2" type="stmt"/>
      <line num="15" count="1" type="stmt"/>
    </file>
  </project>
</coverage>
